0 info it worked if it ends with ok
1 verbose cli [ '/home/plur/.nvm/versions/node/v6.14.2/bin/node',
1 verbose cli   '/home/plur/.nvm/versions/node/v6.14.2/bin/npm',
1 verbose cli   'run',
1 verbose cli   'test' ]
2 info using npm@3.10.10
3 info using node@v6.14.2
4 verbose run-script [ 'pretest', 'test', 'posttest' ]
5 info lifecycle amazonFBACalc@1.0.0~pretest: amazonFBACalc@1.0.0
6 silly lifecycle amazonFBACalc@1.0.0~pretest: no script for pretest, continuing
7 info lifecycle amazonFBACalc@1.0.0~test: amazonFBACalc@1.0.0
8 verbose lifecycle amazonFBACalc@1.0.0~test: unsafe-perm in lifecycle true
9 verbose lifecycle amazonFBACalc@1.0.0~test: PATH: /home/plur/.nvm/versions/node/v6.14.2/lib/node_modules/npm/bin/node-gyp-bin:/home/plur/code/amazonFBACalc/node_modules/.bin:/home/plur/google-cloud-sdk/bin:/home/plur/git-subrepo/lib:/home/plur/.nvm/versions/node/v6.14.2/bin:~/.local/bin:/usr/local/heroku/bin:/home/plur/Android/Sdk/tools:/usr/lib/jvm/default-java:/usr/local/sbin:/usr/local/bin:/usr/sbin:/usr/bin:/sbin:/bin:/usr/games:/usr/local/games:/snap/bin
10 verbose lifecycle amazonFBACalc@1.0.0~test: CWD: /home/plur/code/amazonFBACalc
11 silly lifecycle amazonFBACalc@1.0.0~test: Args: [ '-c', 'istanbul cover _mocha -- -R spec' ]
12 info lifecycle amazonFBACalc@1.0.0~test: Failed to exec test script
13 verbose stack Error: amazonFBACalc@1.0.0 test: `istanbul cover _mocha -- -R spec`
13 verbose stack spawn ENOENT
13 verbose stack     at ChildProcess.<anonymous> (/home/plur/.nvm/versions/node/v6.14.2/lib/node_modules/npm/lib/utils/spawn.js:33:16)
13 verbose stack     at emitTwo (events.js:106:13)
13 verbose stack     at ChildProcess.emit (events.js:191:7)
13 verbose stack     at maybeClose (internal/child_process.js:920:16)
13 verbose stack     at Process.ChildProcess._handle.onexit (internal/child_process.js:230:5)
14 verbose pkgid amazonFBACalc@1.0.0
15 verbose cwd /home/plur/code/amazonFBACalc
16 error Linux 4.4.0-134-generic
17 error argv "/home/plur/.nvm/versions/node/v6.14.2/bin/node" "/home/plur/.nvm/versions/node/v6.14.2/bin/npm" "run" "test"
18 error node v6.14.2
19 error npm  v3.10.10
20 error file sh
21 error code ELIFECYCLE
22 error errno ENOENT
23 error syscall spawn
24 error amazonFBACalc@1.0.0 test: `istanbul cover _mocha -- -R spec`
24 error spawn ENOENT
25 error Failed at the amazonFBACalc@1.0.0 test script 'istanbul cover _mocha -- -R spec'.
25 error Make sure you have the latest version of node.js and npm installed.
25 error If you do, this is most likely a problem with the amazonFBACalc package,
25 error not with npm itself.
25 error Tell the author that this fails on your system:
25 error     istanbul cover _mocha -- -R spec
25 error You can get information on how to open an issue for this project with:
25 error     npm bugs amazonFBACalc
25 error Or if that isn't available, you can get their info via:
25 error     npm owner ls amazonFBACalc
25 error There is likely additional logging output above.
26 verbose exit [ 1, true ]
